09:47:51.811 [main] INFO  - Goto my account-->Click on Login.. 
09:47:52.552 [main] INFO  - Entering email and password.. 
09:47:53.408 [main] INFO  - clicked on login button...
09:48:46.922 [main] INFO  - Goto my account-->Click on Login.. 
09:48:47.617 [main] INFO  - Entering email and password.. 
09:48:48.572 [main] INFO  - clicked on login button...
09:48:51.478 [main] INFO  - Goto my account-->Click on Login.. 
09:48:52.654 [main] INFO  - Entering email and password.. 
09:48:53.553 [main] INFO  - clicked on login button...
09:48:56.117 [main] INFO  - Goto my account-->Click on Login.. 
09:48:57.105 [main] INFO  - Entering email and password.. 
09:48:58.029 [main] INFO  - clicked on login button...
06:24:40.146 [main] INFO  - Goto my account-->Click on Login.. 
06:24:41.119 [main] INFO  - Entering email and password.. 
06:24:41.992 [main] INFO  - clicked on login button...
06:24:55.961 [main] INFO  - Goto my account-->Click on Login.. 
06:24:57.030 [main] INFO  - Entering email and password.. 
06:24:57.834 [main] INFO  - clicked on login button...
06:25:10.543 [main] INFO  - Goto my account-->Click on Login.. 
06:25:11.726 [main] INFO  - Entering email and password.. 
06:25:12.420 [main] INFO  - clicked on login button...
06:27:38.753 [main] INFO  - Goto my account-->Click on Login.. 
06:27:39.489 [main] INFO  - Entering email and password.. 
06:27:40.339 [main] INFO  - clicked on login button...
06:27:53.556 [main] INFO  - Goto my account-->Click on Login.. 
06:27:54.098 [main] INFO  - Entering email and password.. 
06:27:55.184 [main] INFO  - clicked on login button...
06:27:58.081 [main] INFO  - Goto my account-->Click on Login.. 
06:27:59.275 [main] INFO  - Entering email and password.. 
06:28:00.227 [main] INFO  - clicked on login button...
06:28:36.254 [main] INFO  - Goto my account-->Click on Login.. 
06:28:36.960 [main] INFO  - Entering email and password.. 
06:28:37.895 [main] INFO  - clicked on login button...
06:41:37.381 [main] INFO  - Goto my account-->Click on Login.. 
06:41:38.011 [main] INFO  - Entering email and password.. 
06:41:38.859 [main] INFO  - clicked on login button...
06:41:51.806 [main] INFO  - Goto my account-->Click on Login.. 
06:41:52.881 [main] INFO  - Entering email and password.. 
06:41:53.696 [main] INFO  - clicked on login button...
06:41:56.421 [main] INFO  - Goto my account-->Click on Login.. 
06:41:57.295 [main] INFO  - Entering email and password.. 
06:41:58.097 [main] INFO  - clicked on login button...
08:38:26.226 [main] INFO  - Goto my account-->Click on Login.. 
08:38:27.134 [main] DEBUG - Parsing relationship: /xl/_rels/workbook.xml.rels
08:38:27.136 [main] DEBUG - Parsing relationship: /xl/worksheets/_rels/sheet1.xml.rels
08:38:27.138 [main] DEBUG - Parsing relationship: /_rels/.rels
08:38:27.442 [main] TRACE - Loading type system org.apache.poi.schemas.ooxml.system.ooxml
08:38:27.446 [main] TRACE - Loading type system org.apache.xmlbeans.metadata.system.sXMLCONFIG
08:38:27.447 [main] TRACE - Loading type system org.apache.xmlbeans.metadata.system.sXMLLANG
08:38:27.447 [main] TRACE - Loading type system org.apache.xmlbeans.metadata.system.sXMLSCHEMA
08:38:27.448 [main] TRACE - Loading type system org.apache.xmlbeans.metadata.system.sXMLTOOLS
08:38:27.451 [main] TRACE - Reading unresolved handles for type system org.apache.xmlbeans.metadata.system.sXMLTOOLS
08:38:27.467 [main] TRACE - Finished loading type system org.apache.xmlbeans.metadata.system.sXMLTOOLS
08:38:27.469 [main] TRACE - Reading unresolved handles for type system org.apache.xmlbeans.metadata.system.sXMLSCHEMA
08:38:27.477 [main] TRACE - Finished loading type system org.apache.xmlbeans.metadata.system.sXMLSCHEMA
08:38:27.478 [main] TRACE - Reading unresolved handles for type system org.apache.xmlbeans.metadata.system.sXMLLANG
08:38:27.479 [main] TRACE - Finished loading type system org.apache.xmlbeans.metadata.system.sXMLLANG
08:38:27.481 [main] TRACE - Reading unresolved handles for type system org.apache.xmlbeans.metadata.system.sXMLCONFIG
08:38:27.482 [main] TRACE - Finished loading type system org.apache.xmlbeans.metadata.system.sXMLCONFIG
08:38:27.485 [main] TRACE - Reading unresolved handles for type system org.apache.poi.schemas.ooxml.system.ooxml
08:38:27.545 [main] TRACE - Finished loading type system org.apache.poi.schemas.ooxml.system.ooxml
08:38:27.546 [main] TRACE - Resolving type for handle themefd26doctype
08:38:27.627 [main] TRACE - Resolving type for handle stylesheet5d8bdoctype
08:38:27.634 [main] TRACE - Resolving type for handle ctstylesheet4257type
08:38:27.639 [main] TRACE - Resolving type for handle ctfonts6623type
08:38:27.643 [main] TRACE - Resolving type for handle ctfont14d8type
08:38:27.648 [main] TRACE - Resolving type for handle ctfills2c6ftype
08:38:27.652 [main] TRACE - Resolving type for handle ctfill550ctype
08:38:27.655 [main] TRACE - Resolving type for handle ctborders0d66type
08:38:27.658 [main] TRACE - Resolving type for handle ctborderf935type
08:38:27.661 [main] TRACE - Resolving type for handle ctcellxfs1322type
08:38:27.664 [main] TRACE - Resolving type for handle ctxf97f7type
08:38:27.667 [main] TRACE - Resolving type for handle ctcellstylexfsa81ftype
08:38:27.670 [main] TRACE - Resolving type for handle ctdxfsb26atype
08:38:27.673 [main] TRACE - Resolving type for handle cttablestyles872ftype
08:38:27.677 [main] TRACE - Resolving type for handle sstf81fdoctype
08:38:27.681 [main] TRACE - Resolving type for handle ctsst44f3type
08:38:27.698 [main] TRACE - Resolving type for handle ctrsta472type
08:38:27.727 [main] DEBUG - using default POIXMLDocumentPart for http://schemas.microsoft.com/office/2017/10/relationships/person
08:38:27.727 [main] DEBUG - using default POIXMLDocumentPart for http://schemas.openxmlformats.org/officeDocument/2006/relationships/printerSettings
08:38:27.729 [main] TRACE - Resolving type for handle workbookec17doctype
08:38:27.738 [main] TRACE - Resolving type for handle ctworkbook83c3type
08:38:27.748 [main] TRACE - Resolving type for handle ctsheets49fdtype
08:38:27.751 [main] TRACE - Resolving type for handle ctsheet4dbetype
08:38:27.754 [main] TRACE - Resolving type for handle strelationshipid1e94type
08:38:27.757 [main] TRACE - Resolving type for handle worksheetf539doctype
08:38:27.762 [main] TRACE - Resolving type for handle ctworksheet530dtype
08:38:27.768 [main] TRACE - Resolving type for handle ctsheetdata8408type
08:38:27.771 [main] TRACE - Resolving type for handle ctrowdd39type
08:38:27.775 [main] TRACE - Resolving type for handle ctcell842btype
08:38:27.784 [main] TRACE - Resolving type for handle stcellrefe4e0type
08:38:27.792 [main] TRACE - Resolving type for handle ctcols627ctype
08:38:27.797 [main] TRACE - Resolving type for handle ctcola95ftype
08:38:27.813 [main] TRACE - Resolving type for handle cthyperlinks6416type
08:38:27.818 [main] TRACE - Resolving type for handle cthyperlink0c85type
08:38:27.824 [main] TRACE - Resolving type for handle stxstringf179type
08:38:27.827 [main] TRACE - Resolving type for handle stcelltypebf95type
08:38:31.081 [main] INFO  - Goto my account-->Click on Login.. 
08:38:31.558 [main] DEBUG - Parsing relationship: /xl/_rels/workbook.xml.rels
08:38:31.560 [main] DEBUG - Parsing relationship: /xl/worksheets/_rels/sheet1.xml.rels
08:38:31.562 [main] DEBUG - Parsing relationship: /_rels/.rels
08:38:31.579 [main] DEBUG - using default POIXMLDocumentPart for http://schemas.microsoft.com/office/2017/10/relationships/person
08:38:31.579 [main] DEBUG - using default POIXMLDocumentPart for http://schemas.openxmlformats.org/officeDocument/2006/relationships/printerSettings
08:38:44.328 [main] INFO  - Goto my account-->Click on Login.. 
08:38:45.193 [main] DEBUG - Parsing relationship: /xl/_rels/workbook.xml.rels
08:38:45.194 [main] DEBUG - Parsing relationship: /xl/worksheets/_rels/sheet1.xml.rels
08:38:45.194 [main] DEBUG - Parsing relationship: /_rels/.rels
08:38:45.218 [main] DEBUG - using default POIXMLDocumentPart for http://schemas.microsoft.com/office/2017/10/relationships/person
08:38:45.218 [main] DEBUG - using default POIXMLDocumentPart for http://schemas.openxmlformats.org/officeDocument/2006/relationships/printerSettings
09:27:08.293 [main] INFO  - Goto my account-->Click on Login.. 
09:27:08.956 [main] DEBUG - Parsing relationship: /xl/_rels/workbook.xml.rels
09:27:08.956 [main] DEBUG - Parsing relationship: /xl/worksheets/_rels/sheet1.xml.rels
09:27:08.956 [main] DEBUG - Parsing relationship: /_rels/.rels
09:27:09.140 [main] TRACE - Loading type system org.apache.poi.schemas.ooxml.system.ooxml
09:27:09.140 [main] TRACE - Loading type system org.apache.xmlbeans.metadata.system.sXMLCONFIG
09:27:09.156 [main] TRACE - Loading type system org.apache.xmlbeans.metadata.system.sXMLLANG
09:27:09.156 [main] TRACE - Loading type system org.apache.xmlbeans.metadata.system.sXMLSCHEMA
09:27:09.156 [main] TRACE - Loading type system org.apache.xmlbeans.metadata.system.sXMLTOOLS
09:27:09.156 [main] TRACE - Reading unresolved handles for type system org.apache.xmlbeans.metadata.system.sXMLTOOLS
09:27:09.156 [main] TRACE - Finished loading type system org.apache.xmlbeans.metadata.system.sXMLTOOLS
09:27:09.171 [main] TRACE - Reading unresolved handles for type system org.apache.xmlbeans.metadata.system.sXMLSCHEMA
09:27:09.171 [main] TRACE - Finished loading type system org.apache.xmlbeans.metadata.system.sXMLSCHEMA
09:27:09.171 [main] TRACE - Reading unresolved handles for type system org.apache.xmlbeans.metadata.system.sXMLLANG
09:27:09.171 [main] TRACE - Finished loading type system org.apache.xmlbeans.metadata.system.sXMLLANG
09:27:09.171 [main] TRACE - Reading unresolved handles for type system org.apache.xmlbeans.metadata.system.sXMLCONFIG
09:27:09.171 [main] TRACE - Finished loading type system org.apache.xmlbeans.metadata.system.sXMLCONFIG
09:27:09.171 [main] TRACE - Reading unresolved handles for type system org.apache.poi.schemas.ooxml.system.ooxml
09:27:09.222 [main] TRACE - Finished loading type system org.apache.poi.schemas.ooxml.system.ooxml
09:27:09.222 [main] TRACE - Resolving type for handle themefd26doctype
09:27:09.289 [main] TRACE - Resolving type for handle stylesheet5d8bdoctype
09:27:09.307 [main] TRACE - Resolving type for handle ctstylesheet4257type
09:27:09.307 [main] TRACE - Resolving type for handle ctfonts6623type
09:27:09.314 [main] TRACE - Resolving type for handle ctfont14d8type
09:27:09.314 [main] TRACE - Resolving type for handle ctfills2c6ftype
09:27:09.323 [main] TRACE - Resolving type for handle ctfill550ctype
09:27:09.323 [main] TRACE - Resolving type for handle ctborders0d66type
09:27:09.323 [main] TRACE - Resolving type for handle ctborderf935type
09:27:09.323 [main] TRACE - Resolving type for handle ctcellxfs1322type
09:27:09.323 [main] TRACE - Resolving type for handle ctxf97f7type
09:27:09.339 [main] TRACE - Resolving type for handle ctcellstylexfsa81ftype
09:27:09.339 [main] TRACE - Resolving type for handle ctdxfsb26atype
09:27:09.339 [main] TRACE - Resolving type for handle cttablestyles872ftype
09:27:09.339 [main] TRACE - Resolving type for handle sstf81fdoctype
09:27:09.339 [main] TRACE - Resolving type for handle ctsst44f3type
09:27:09.356 [main] TRACE - Resolving type for handle ctrsta472type
09:27:09.390 [main] DEBUG - using default POIXMLDocumentPart for http://schemas.microsoft.com/office/2017/10/relationships/person
09:27:09.390 [main] DEBUG - using default POIXMLDocumentPart for http://schemas.openxmlformats.org/officeDocument/2006/relationships/printerSettings
09:27:09.390 [main] TRACE - Resolving type for handle workbookec17doctype
09:27:09.390 [main] TRACE - Resolving type for handle ctworkbook83c3type
09:27:09.406 [main] TRACE - Resolving type for handle ctsheets49fdtype
09:27:09.406 [main] TRACE - Resolving type for handle ctsheet4dbetype
09:27:09.406 [main] TRACE - Resolving type for handle strelationshipid1e94type
09:27:09.414 [main] TRACE - Resolving type for handle worksheetf539doctype
09:27:09.423 [main] TRACE - Resolving type for handle ctworksheet530dtype
09:27:09.423 [main] TRACE - Resolving type for handle ctsheetdata8408type
09:27:09.423 [main] TRACE - Resolving type for handle ctrowdd39type
09:27:09.439 [main] TRACE - Resolving type for handle ctcell842btype
09:27:09.439 [main] TRACE - Resolving type for handle stcellrefe4e0type
09:27:09.456 [main] TRACE - Resolving type for handle ctcols627ctype
09:27:09.456 [main] TRACE - Resolving type for handle ctcola95ftype
09:27:09.472 [main] TRACE - Resolving type for handle cthyperlinks6416type
09:27:09.488 [main] TRACE - Resolving type for handle cthyperlink0c85type
09:27:09.488 [main] TRACE - Resolving type for handle stxstringf179type
09:27:09.488 [main] TRACE - Resolving type for handle stcelltypebf95type
09:27:13.678 [main] INFO  - Goto my account-->Click on Login.. 
09:27:14.256 [main] DEBUG - Parsing relationship: /xl/_rels/workbook.xml.rels
09:27:14.256 [main] DEBUG - Parsing relationship: /xl/worksheets/_rels/sheet1.xml.rels
09:27:14.272 [main] DEBUG - Parsing relationship: /_rels/.rels
09:27:14.290 [main] DEBUG - using default POIXMLDocumentPart for http://schemas.microsoft.com/office/2017/10/relationships/person
09:27:14.290 [main] DEBUG - using default POIXMLDocumentPart for http://schemas.openxmlformats.org/officeDocument/2006/relationships/printerSettings
09:27:27.712 [main] INFO  - Goto my account-->Click on Login.. 
09:27:28.135 [main] DEBUG - Parsing relationship: /xl/_rels/workbook.xml.rels
09:27:28.137 [main] DEBUG - Parsing relationship: /xl/worksheets/_rels/sheet1.xml.rels
09:27:28.139 [main] DEBUG - Parsing relationship: /_rels/.rels
09:27:28.164 [main] DEBUG - using default POIXMLDocumentPart for http://schemas.microsoft.com/office/2017/10/relationships/person
09:27:28.164 [main] DEBUG - using default POIXMLDocumentPart for http://schemas.openxmlformats.org/officeDocument/2006/relationships/printerSettings
09:28:41.582 [main] INFO  - Goto my account-->Click on Login.. 
09:28:42.592 [main] DEBUG - Parsing relationship: /xl/_rels/workbook.xml.rels
09:28:42.592 [main] DEBUG - Parsing relationship: /xl/worksheets/_rels/sheet1.xml.rels
09:28:42.592 [main] DEBUG - Parsing relationship: /_rels/.rels
09:28:42.791 [main] TRACE - Loading type system org.apache.poi.schemas.ooxml.system.ooxml
09:28:42.791 [main] TRACE - Loading type system org.apache.xmlbeans.metadata.system.sXMLCONFIG
09:28:42.791 [main] TRACE - Loading type system org.apache.xmlbeans.metadata.system.sXMLLANG
09:28:42.791 [main] TRACE - Loading type system org.apache.xmlbeans.metadata.system.sXMLSCHEMA
09:28:42.791 [main] TRACE - Loading type system org.apache.xmlbeans.metadata.system.sXMLTOOLS
09:28:42.791 [main] TRACE - Reading unresolved handles for type system org.apache.xmlbeans.metadata.system.sXMLTOOLS
09:28:42.808 [main] TRACE - Finished loading type system org.apache.xmlbeans.metadata.system.sXMLTOOLS
09:28:42.808 [main] TRACE - Reading unresolved handles for type system org.apache.xmlbeans.metadata.system.sXMLSCHEMA
09:28:42.830 [main] TRACE - Finished loading type system org.apache.xmlbeans.metadata.system.sXMLSCHEMA
09:28:42.832 [main] TRACE - Reading unresolved handles for type system org.apache.xmlbeans.metadata.system.sXMLLANG
09:28:42.833 [main] TRACE - Finished loading type system org.apache.xmlbeans.metadata.system.sXMLLANG
09:28:42.834 [main] TRACE - Reading unresolved handles for type system org.apache.xmlbeans.metadata.system.sXMLCONFIG
09:28:42.835 [main] TRACE - Finished loading type system org.apache.xmlbeans.metadata.system.sXMLCONFIG
09:28:42.836 [main] TRACE - Reading unresolved handles for type system org.apache.poi.schemas.ooxml.system.ooxml
09:28:42.908 [main] TRACE - Finished loading type system org.apache.poi.schemas.ooxml.system.ooxml
09:28:42.908 [main] TRACE - Resolving type for handle themefd26doctype
09:28:42.971 [main] TRACE - Resolving type for handle stylesheet5d8bdoctype
09:28:42.971 [main] TRACE - Resolving type for handle ctstylesheet4257type
09:28:42.987 [main] TRACE - Resolving type for handle ctfonts6623type
09:28:42.987 [main] TRACE - Resolving type for handle ctfont14d8type
09:28:43.002 [main] TRACE - Resolving type for handle ctfills2c6ftype
09:28:43.002 [main] TRACE - Resolving type for handle ctfill550ctype
09:28:43.002 [main] TRACE - Resolving type for handle ctborders0d66type
09:28:43.002 [main] TRACE - Resolving type for handle ctborderf935type
09:28:43.018 [main] TRACE - Resolving type for handle ctcellxfs1322type
09:28:43.018 [main] TRACE - Resolving type for handle ctxf97f7type
09:28:43.018 [main] TRACE - Resolving type for handle ctcellstylexfsa81ftype
09:28:43.018 [main] TRACE - Resolving type for handle ctdxfsb26atype
09:28:43.018 [main] TRACE - Resolving type for handle cttablestyles872ftype
09:28:43.034 [main] TRACE - Resolving type for handle sstf81fdoctype
09:28:43.034 [main] TRACE - Resolving type for handle ctsst44f3type
09:28:43.058 [main] TRACE - Resolving type for handle ctrsta472type
09:28:43.081 [main] DEBUG - using default POIXMLDocumentPart for http://schemas.microsoft.com/office/2017/10/relationships/person
09:28:43.081 [main] DEBUG - using default POIXMLDocumentPart for http://schemas.openxmlformats.org/officeDocument/2006/relationships/printerSettings
09:28:43.081 [main] TRACE - Resolving type for handle workbookec17doctype
09:28:43.081 [main] TRACE - Resolving type for handle ctworkbook83c3type
09:28:43.081 [main] TRACE - Resolving type for handle ctsheets49fdtype
09:28:43.081 [main] TRACE - Resolving type for handle ctsheet4dbetype
09:28:43.097 [main] TRACE - Resolving type for handle strelationshipid1e94type
09:28:43.097 [main] TRACE - Resolving type for handle worksheetf539doctype
09:28:43.097 [main] TRACE - Resolving type for handle ctworksheet530dtype
09:28:43.112 [main] TRACE - Resolving type for handle ctsheetdata8408type
09:28:43.112 [main] TRACE - Resolving type for handle ctrowdd39type
09:28:43.112 [main] TRACE - Resolving type for handle ctcell842btype
09:28:43.128 [main] TRACE - Resolving type for handle stcellrefe4e0type
09:28:43.128 [main] TRACE - Resolving type for handle ctcols627ctype
09:28:43.143 [main] TRACE - Resolving type for handle ctcola95ftype
09:28:43.159 [main] TRACE - Resolving type for handle cthyperlinks6416type
09:28:43.159 [main] TRACE - Resolving type for handle cthyperlink0c85type
09:28:43.175 [main] TRACE - Resolving type for handle stxstringf179type
09:28:43.175 [main] TRACE - Resolving type for handle stcelltypebf95type
09:29:04.644 [main] INFO  - Goto my account-->Click on Login.. 
09:29:06.128 [main] DEBUG - Parsing relationship: /xl/_rels/workbook.xml.rels
09:29:06.128 [main] DEBUG - Parsing relationship: /xl/worksheets/_rels/sheet1.xml.rels
09:29:06.128 [main] DEBUG - Parsing relationship: /_rels/.rels
09:29:06.174 [main] DEBUG - using default POIXMLDocumentPart for http://schemas.microsoft.com/office/2017/10/relationships/person
09:29:06.174 [main] DEBUG - using default POIXMLDocumentPart for http://schemas.openxmlformats.org/officeDocument/2006/relationships/printerSettings
09:40:14.494 [main] INFO  - Goto my account-->Click on Login.. 
09:40:15.187 [main] DEBUG - Parsing relationship: /xl/_rels/workbook.xml.rels
09:40:15.189 [main] DEBUG - Parsing relationship: /xl/worksheets/_rels/sheet1.xml.rels
09:40:15.191 [main] DEBUG - Parsing relationship: /_rels/.rels
09:40:15.377 [main] TRACE - Loading type system org.apache.poi.schemas.ooxml.system.ooxml
09:40:15.380 [main] TRACE - Loading type system org.apache.xmlbeans.metadata.system.sXMLCONFIG
09:40:15.380 [main] TRACE - Loading type system org.apache.xmlbeans.metadata.system.sXMLLANG
09:40:15.381 [main] TRACE - Loading type system org.apache.xmlbeans.metadata.system.sXMLSCHEMA
09:40:15.381 [main] TRACE - Loading type system org.apache.xmlbeans.metadata.system.sXMLTOOLS
09:40:15.383 [main] TRACE - Reading unresolved handles for type system org.apache.xmlbeans.metadata.system.sXMLTOOLS
09:40:15.398 [main] TRACE - Finished loading type system org.apache.xmlbeans.metadata.system.sXMLTOOLS
09:40:15.399 [main] TRACE - Reading unresolved handles for type system org.apache.xmlbeans.metadata.system.sXMLSCHEMA
09:40:15.404 [main] TRACE - Finished loading type system org.apache.xmlbeans.metadata.system.sXMLSCHEMA
09:40:15.405 [main] TRACE - Reading unresolved handles for type system org.apache.xmlbeans.metadata.system.sXMLLANG
09:40:15.406 [main] TRACE - Finished loading type system org.apache.xmlbeans.metadata.system.sXMLLANG
09:40:15.407 [main] TRACE - Reading unresolved handles for type system org.apache.xmlbeans.metadata.system.sXMLCONFIG
09:40:15.408 [main] TRACE - Finished loading type system org.apache.xmlbeans.metadata.system.sXMLCONFIG
09:40:15.409 [main] TRACE - Reading unresolved handles for type system org.apache.poi.schemas.ooxml.system.ooxml
09:40:15.506 [main] TRACE - Finished loading type system org.apache.poi.schemas.ooxml.system.ooxml
09:40:15.506 [main] TRACE - Resolving type for handle themefd26doctype
09:40:15.571 [main] TRACE - Resolving type for handle stylesheet5d8bdoctype
09:40:15.578 [main] TRACE - Resolving type for handle ctstylesheet4257type
09:40:15.584 [main] TRACE - Resolving type for handle ctfonts6623type
09:40:15.587 [main] TRACE - Resolving type for handle ctfont14d8type
09:40:15.603 [main] TRACE - Resolving type for handle ctfills2c6ftype
09:40:15.606 [main] TRACE - Resolving type for handle ctfill550ctype
09:40:15.608 [main] TRACE - Resolving type for handle ctborders0d66type
09:40:15.611 [main] TRACE - Resolving type for handle ctborderf935type
09:40:15.615 [main] TRACE - Resolving type for handle ctcellxfs1322type
09:40:15.618 [main] TRACE - Resolving type for handle ctxf97f7type
09:40:15.621 [main] TRACE - Resolving type for handle ctcellstylexfsa81ftype
09:40:15.624 [main] TRACE - Resolving type for handle ctdxfsb26atype
09:40:15.626 [main] TRACE - Resolving type for handle cttablestyles872ftype
09:40:15.633 [main] TRACE - Resolving type for handle sstf81fdoctype
09:40:15.637 [main] TRACE - Resolving type for handle ctsst44f3type
09:40:15.647 [main] TRACE - Resolving type for handle ctrsta472type
09:40:15.673 [main] DEBUG - using default POIXMLDocumentPart for http://schemas.microsoft.com/office/2017/10/relationships/person
09:40:15.673 [main] DEBUG - using default POIXMLDocumentPart for http://schemas.openxmlformats.org/officeDocument/2006/relationships/printerSettings
09:40:15.675 [main] TRACE - Resolving type for handle workbookec17doctype
09:40:15.680 [main] TRACE - Resolving type for handle ctworkbook83c3type
09:40:15.691 [main] TRACE - Resolving type for handle ctsheets49fdtype
09:40:15.693 [main] TRACE - Resolving type for handle ctsheet4dbetype
09:40:15.695 [main] TRACE - Resolving type for handle strelationshipid1e94type
09:40:15.699 [main] TRACE - Resolving type for handle worksheetf539doctype
09:40:15.707 [main] TRACE - Resolving type for handle ctworksheet530dtype
09:40:15.714 [main] TRACE - Resolving type for handle ctsheetdata8408type
09:40:15.717 [main] TRACE - Resolving type for handle ctrowdd39type
09:40:15.722 [main] TRACE - Resolving type for handle ctcell842btype
09:40:15.734 [main] TRACE - Resolving type for handle stcellrefe4e0type
09:40:15.744 [main] TRACE - Resolving type for handle ctcols627ctype
09:40:15.750 [main] TRACE - Resolving type for handle ctcola95ftype
09:40:15.772 [main] TRACE - Resolving type for handle cthyperlinks6416type
09:40:15.774 [main] TRACE - Resolving type for handle cthyperlink0c85type
09:40:15.781 [main] TRACE - Resolving type for handle stxstringf179type
09:40:15.793 [main] TRACE - Resolving type for handle stcelltypebf95type
09:40:19.300 [main] INFO  - Goto my account-->Click on Login.. 
09:40:20.022 [main] DEBUG - Parsing relationship: /xl/_rels/workbook.xml.rels
09:40:20.024 [main] DEBUG - Parsing relationship: /xl/worksheets/_rels/sheet1.xml.rels
09:40:20.026 [main] DEBUG - Parsing relationship: /_rels/.rels
09:40:20.057 [main] DEBUG - using default POIXMLDocumentPart for http://schemas.microsoft.com/office/2017/10/relationships/person
09:40:20.057 [main] DEBUG - using default POIXMLDocumentPart for http://schemas.openxmlformats.org/officeDocument/2006/relationships/printerSettings
09:40:32.889 [main] INFO  - Goto my account-->Click on Login.. 
09:40:33.600 [main] DEBUG - Parsing relationship: /xl/_rels/workbook.xml.rels
09:40:33.601 [main] DEBUG - Parsing relationship: /xl/worksheets/_rels/sheet1.xml.rels
09:40:33.602 [main] DEBUG - Parsing relationship: /_rels/.rels
09:40:33.617 [main] DEBUG - using default POIXMLDocumentPart for http://schemas.microsoft.com/office/2017/10/relationships/person
09:40:33.617 [main] DEBUG - using default POIXMLDocumentPart for http://schemas.openxmlformats.org/officeDocument/2006/relationships/printerSettings
09:43:23.891 [main] INFO  - Goto my account-->Click on Login.. 
09:43:24.630 [main] DEBUG - Parsing relationship: /xl/_rels/workbook.xml.rels
09:43:24.634 [main] DEBUG - Parsing relationship: /xl/worksheets/_rels/sheet1.xml.rels
09:43:24.638 [main] DEBUG - Parsing relationship: /_rels/.rels
09:43:24.838 [main] TRACE - Loading type system org.apache.poi.schemas.ooxml.system.ooxml
09:43:24.841 [main] TRACE - Loading type system org.apache.xmlbeans.metadata.system.sXMLCONFIG
09:43:24.841 [main] TRACE - Loading type system org.apache.xmlbeans.metadata.system.sXMLLANG
09:43:24.842 [main] TRACE - Loading type system org.apache.xmlbeans.metadata.system.sXMLSCHEMA
09:43:24.842 [main] TRACE - Loading type system org.apache.xmlbeans.metadata.system.sXMLTOOLS
09:43:24.844 [main] TRACE - Reading unresolved handles for type system org.apache.xmlbeans.metadata.system.sXMLTOOLS
09:43:24.857 [main] TRACE - Finished loading type system org.apache.xmlbeans.metadata.system.sXMLTOOLS
09:43:24.858 [main] TRACE - Reading unresolved handles for type system org.apache.xmlbeans.metadata.system.sXMLSCHEMA
09:43:24.863 [main] TRACE - Finished loading type system org.apache.xmlbeans.metadata.system.sXMLSCHEMA
09:43:24.864 [main] TRACE - Reading unresolved handles for type system org.apache.xmlbeans.metadata.system.sXMLLANG
09:43:24.864 [main] TRACE - Finished loading type system org.apache.xmlbeans.metadata.system.sXMLLANG
09:43:24.866 [main] TRACE - Reading unresolved handles for type system org.apache.xmlbeans.metadata.system.sXMLCONFIG
09:43:24.867 [main] TRACE - Finished loading type system org.apache.xmlbeans.metadata.system.sXMLCONFIG
09:43:24.868 [main] TRACE - Reading unresolved handles for type system org.apache.poi.schemas.ooxml.system.ooxml
09:43:24.919 [main] TRACE - Finished loading type system org.apache.poi.schemas.ooxml.system.ooxml
09:43:24.919 [main] TRACE - Resolving type for handle themefd26doctype
09:43:24.986 [main] TRACE - Resolving type for handle stylesheet5d8bdoctype
09:43:24.993 [main] TRACE - Resolving type for handle ctstylesheet4257type
09:43:25.000 [main] TRACE - Resolving type for handle ctfonts6623type
09:43:25.004 [main] TRACE - Resolving type for handle ctfont14d8type
09:43:25.013 [main] TRACE - Resolving type for handle ctfills2c6ftype
09:43:25.017 [main] TRACE - Resolving type for handle ctfill550ctype
09:43:25.019 [main] TRACE - Resolving type for handle ctborders0d66type
09:43:25.022 [main] TRACE - Resolving type for handle ctborderf935type
09:43:25.025 [main] TRACE - Resolving type for handle ctcellxfs1322type
09:43:25.028 [main] TRACE - Resolving type for handle ctxf97f7type
09:43:25.032 [main] TRACE - Resolving type for handle ctcellstylexfsa81ftype
09:43:25.034 [main] TRACE - Resolving type for handle ctdxfsb26atype
09:43:25.037 [main] TRACE - Resolving type for handle cttablestyles872ftype
09:43:25.041 [main] TRACE - Resolving type for handle sstf81fdoctype
09:43:25.044 [main] TRACE - Resolving type for handle ctsst44f3type
09:43:25.055 [main] TRACE - Resolving type for handle ctrsta472type
09:43:25.083 [main] DEBUG - using default POIXMLDocumentPart for http://schemas.microsoft.com/office/2017/10/relationships/person
09:43:25.083 [main] DEBUG - using default POIXMLDocumentPart for http://schemas.openxmlformats.org/officeDocument/2006/relationships/printerSettings
09:43:25.085 [main] TRACE - Resolving type for handle workbookec17doctype
09:43:25.094 [main] TRACE - Resolving type for handle ctworkbook83c3type
09:43:25.106 [main] TRACE - Resolving type for handle ctsheets49fdtype
09:43:25.108 [main] TRACE - Resolving type for handle ctsheet4dbetype
09:43:25.110 [main] TRACE - Resolving type for handle strelationshipid1e94type
09:43:25.112 [main] TRACE - Resolving type for handle worksheetf539doctype
09:43:25.119 [main] TRACE - Resolving type for handle ctworksheet530dtype
09:43:25.126 [main] TRACE - Resolving type for handle ctsheetdata8408type
09:43:25.128 [main] TRACE - Resolving type for handle ctrowdd39type
09:43:25.134 [main] TRACE - Resolving type for handle ctcell842btype
09:43:25.142 [main] TRACE - Resolving type for handle stcellrefe4e0type
09:43:25.151 [main] TRACE - Resolving type for handle ctcols627ctype
09:43:25.156 [main] TRACE - Resolving type for handle ctcola95ftype
09:43:25.173 [main] TRACE - Resolving type for handle cthyperlinks6416type
09:43:25.176 [main] TRACE - Resolving type for handle cthyperlink0c85type
09:43:25.188 [main] TRACE - Resolving type for handle stxstringf179type
09:43:25.191 [main] TRACE - Resolving type for handle stcelltypebf95type
09:43:29.605 [main] INFO  - Goto my account-->Click on Login.. 
09:43:30.149 [main] DEBUG - Parsing relationship: /xl/_rels/workbook.xml.rels
09:43:30.151 [main] DEBUG - Parsing relationship: /xl/worksheets/_rels/sheet1.xml.rels
09:43:30.153 [main] DEBUG - Parsing relationship: /_rels/.rels
09:43:30.175 [main] DEBUG - using default POIXMLDocumentPart for http://schemas.microsoft.com/office/2017/10/relationships/person
09:43:30.175 [main] DEBUG - using default POIXMLDocumentPart for http://schemas.openxmlformats.org/officeDocument/2006/relationships/printerSettings
09:43:43.304 [main] INFO  - Goto my account-->Click on Login.. 
09:43:44.175 [main] DEBUG - Parsing relationship: /xl/_rels/workbook.xml.rels
09:43:44.176 [main] DEBUG - Parsing relationship: /xl/worksheets/_rels/sheet1.xml.rels
09:43:44.177 [main] DEBUG - Parsing relationship: /_rels/.rels
09:43:44.207 [main] DEBUG - using default POIXMLDocumentPart for http://schemas.microsoft.com/office/2017/10/relationships/person
09:43:44.207 [main] DEBUG - using default POIXMLDocumentPart for http://schemas.openxmlformats.org/officeDocument/2006/relationships/printerSettings
07:13:09.905 [main] INFO  - Goto my account-->Click on Login.. 
07:13:10.967 [main] DEBUG - Parsing relationship: /xl/_rels/workbook.xml.rels
07:13:10.976 [main] DEBUG - Parsing relationship: /xl/worksheets/_rels/sheet1.xml.rels
07:13:10.982 [main] DEBUG - Parsing relationship: /_rels/.rels
07:13:13.523 [main] TRACE - Loading type system org.apache.poi.schemas.ooxml.system.ooxml
07:13:13.624 [main] TRACE - Loading type system org.apache.xmlbeans.metadata.system.sXMLCONFIG
07:13:13.624 [main] TRACE - Loading type system org.apache.xmlbeans.metadata.system.sXMLLANG
07:13:13.624 [main] TRACE - Loading type system org.apache.xmlbeans.metadata.system.sXMLSCHEMA
07:13:13.627 [main] TRACE - Loading type system org.apache.xmlbeans.metadata.system.sXMLTOOLS
07:13:13.629 [main] TRACE - Reading unresolved handles for type system org.apache.xmlbeans.metadata.system.sXMLTOOLS
07:13:13.987 [main] TRACE - Finished loading type system org.apache.xmlbeans.metadata.system.sXMLTOOLS
07:13:13.987 [main] TRACE - Reading unresolved handles for type system org.apache.xmlbeans.metadata.system.sXMLSCHEMA
07:13:14.053 [main] TRACE - Finished loading type system org.apache.xmlbeans.metadata.system.sXMLSCHEMA
07:13:14.058 [main] TRACE - Reading unresolved handles for type system org.apache.xmlbeans.metadata.system.sXMLLANG
07:13:14.072 [main] TRACE - Finished loading type system org.apache.xmlbeans.metadata.system.sXMLLANG
07:13:14.072 [main] TRACE - Reading unresolved handles for type system org.apache.xmlbeans.metadata.system.sXMLCONFIG
07:13:14.105 [main] TRACE - Finished loading type system org.apache.xmlbeans.metadata.system.sXMLCONFIG
07:13:14.112 [main] TRACE - Reading unresolved handles for type system org.apache.poi.schemas.ooxml.system.ooxml
07:13:14.342 [main] TRACE - Finished loading type system org.apache.poi.schemas.ooxml.system.ooxml
07:13:14.405 [main] TRACE - Resolving type for handle themefd26doctype
07:13:16.129 [main] TRACE - Resolving type for handle stylesheet5d8bdoctype
07:13:16.163 [main] TRACE - Resolving type for handle ctstylesheet4257type
07:13:16.323 [main] TRACE - Resolving type for handle ctfonts6623type
07:13:16.543 [main] TRACE - Resolving type for handle ctfont14d8type
07:13:16.644 [main] TRACE - Resolving type for handle ctfills2c6ftype
07:13:16.773 [main] TRACE - Resolving type for handle ctfill550ctype
07:13:16.872 [main] TRACE - Resolving type for handle ctborders0d66type
07:13:17.067 [main] TRACE - Resolving type for handle ctborderf935type
07:13:17.167 [main] TRACE - Resolving type for handle ctcellxfs1322type
07:13:17.364 [main] TRACE - Resolving type for handle ctxf97f7type
07:13:17.433 [main] TRACE - Resolving type for handle ctcellstylexfsa81ftype
07:13:17.492 [main] TRACE - Resolving type for handle ctdxfsb26atype
07:13:17.632 [main] TRACE - Resolving type for handle cttablestyles872ftype
07:13:17.762 [main] TRACE - Resolving type for handle sstf81fdoctype
07:13:17.822 [main] TRACE - Resolving type for handle ctsst44f3type
07:13:18.212 [main] TRACE - Resolving type for handle ctrsta472type
07:13:18.557 [main] DEBUG - using default POIXMLDocumentPart for http://schemas.microsoft.com/office/2017/10/relationships/person
07:13:18.557 [main] DEBUG - using default POIXMLDocumentPart for http://schemas.openxmlformats.org/officeDocument/2006/relationships/printerSettings
07:13:18.572 [main] TRACE - Resolving type for handle workbookec17doctype
07:13:18.608 [main] TRACE - Resolving type for handle ctworkbook83c3type
07:13:18.735 [main] TRACE - Resolving type for handle ctsheets49fdtype
07:13:18.794 [main] TRACE - Resolving type for handle ctsheet4dbetype
07:13:18.898 [main] TRACE - Resolving type for handle strelationshipid1e94type
07:13:18.993 [main] TRACE - Resolving type for handle worksheetf539doctype
07:13:19.026 [main] TRACE - Resolving type for handle ctworksheet530dtype
07:13:19.155 [main] TRACE - Resolving type for handle ctsheetdata8408type
07:13:19.253 [main] TRACE - Resolving type for handle ctrowdd39type
07:13:19.412 [main] TRACE - Resolving type for handle ctcell842btype
07:13:19.574 [main] TRACE - Resolving type for handle stcellrefe4e0type
07:13:19.765 [main] TRACE - Resolving type for handle ctcols627ctype
07:13:19.865 [main] TRACE - Resolving type for handle ctcola95ftype
07:13:20.015 [main] TRACE - Resolving type for handle cthyperlinks6416type
07:13:20.065 [main] TRACE - Resolving type for handle cthyperlink0c85type
07:13:20.323 [main] TRACE - Resolving type for handle stxstringf179type
07:13:20.418 [main] TRACE - Resolving type for handle stcelltypebf95type
07:13:26.314 [main] INFO  - Goto my account-->Click on Login.. 
07:13:27.510 [main] DEBUG - Parsing relationship: /xl/_rels/workbook.xml.rels
07:13:27.514 [main] DEBUG - Parsing relationship: /xl/worksheets/_rels/sheet1.xml.rels
07:13:27.514 [main] DEBUG - Parsing relationship: /_rels/.rels
07:13:27.556 [main] DEBUG - using default POIXMLDocumentPart for http://schemas.microsoft.com/office/2017/10/relationships/person
07:13:27.556 [main] DEBUG - using default POIXMLDocumentPart for http://schemas.openxmlformats.org/officeDocument/2006/relationships/printerSettings
07:13:41.332 [main] INFO  - Goto my account-->Click on Login.. 
07:13:42.182 [main] DEBUG - Parsing relationship: /xl/_rels/workbook.xml.rels
07:13:42.188 [main] DEBUG - Parsing relationship: /xl/worksheets/_rels/sheet1.xml.rels
07:13:42.188 [main] DEBUG - Parsing relationship: /_rels/.rels
07:13:42.214 [main] DEBUG - using default POIXMLDocumentPart for http://schemas.microsoft.com/office/2017/10/relationships/person
07:13:42.222 [main] DEBUG - using default POIXMLDocumentPart for http://schemas.openxmlformats.org/officeDocument/2006/relationships/printerSettings
